<?xml version="1.0" encoding="UTF-8"?>
<!-- Generated by org.testng.reporters.JUnitReportReporter -->
<testsuite hostname="LAPTOP-DG3FDSHK" failures="0" tests="5" name="com.task_infomats.AmazonLogin" time="96.564" errors="0" timestamp="2022-11-07T19:30:46 IST" skipped="1">
  <testcase classname="com.task_infomats.AmazonLogin" name="login" time="16.275"/>
  <system-out/>
  <testcase classname="com.task_infomats.AmazonLogin" name="Iphone14" time="31.370"/>
  <system-out/>
  <testcase classname="com.task_infomats.AmazonLogin" name="Airpods" time="23.425"/>
  <system-out/>
  <testcase classname="com.task_infomats.AmazonLogin" name="Cart" time="25.494"/>
  <system-out/>
  <testcase classname="com.task_infomats.AmazonLogin" name="AddAddress">
    <skipped/>
  </testcase> <!-- AddAddress -->
  <system-out/>
</testsuite> <!-- com.task_infomats.AmazonLogin -->
