<?xml version="1.0" encoding="UTF-8"?>
<!-- Generated by org.testng.reporters.JUnitReportReporter -->
<testsuite hostname="KOKACHI" failures="0" tests="1" name="com.tsng.NewTest" time="1.080" errors="0" timestamp="2022-11-29T20:22:58 IST" skipped="0">
  <testcase classname="com.tsng.NewTest" name="f" time="1.080"/>
  <system-out/>
</testsuite> <!-- com.tsng.NewTest -->
