<?xml version="1.0" encoding="UTF-8"?>
<!-- Generated by org.testng.reporters.JUnitReportReporter -->
<testsuite hostname="KOKACHI" failures="0" tests="1" name="com.tsng.NGBasic" time="15.781" errors="0" timestamp="2022-12-18T18:02:58 IST" skipped="0">
  <testcase classname="com.tsng.NGBasic" name="f" time="15.781"/>
  <system-out/>
</testsuite> <!-- com.tsng.NGBasic -->
