<?xml version="1.0" encoding="UTF-8"?>
<!-- Generated by org.testng.reporters.JUnitReportReporter -->
<testsuite hostname="KOKACHI" failures="0" tests="1" name="com.DDTestNG.DifferentSheet" time="19.149" errors="0" timestamp="2023-01-09T13:50:04 IST" skipped="0">
  <testcase classname="com.DDTestNG.DifferentSheet" name="fvalid" time="19.149"/>
  <system-out/>
</testsuite> <!-- com.DDTestNG.DifferentSheet -->
