<?xml version="1.0" encoding="UTF-8"?>
<!-- Generated by org.testng.reporters.JUnitReportReporter -->
<testsuite hostname="KOKACHI" failures="0" tests="4" name="com.tsng.Customer_management" time="10.079" errors="0" timestamp="2022-11-29T20:23:56 IST" skipped="0">
  <testcase classname="com.tsng.Customer_management" name="fnull" time="0.582"/>
  <system-out/>
  <testcase classname="com.tsng.Customer_management" name="fillegal" time="0.508"/>
  <system-out/>
  <testcase classname="com.tsng.Customer_management" name="finvalid" time="0.500"/>
  <system-out/>
  <testcase classname="com.tsng.Customer_management" name="fvalid" time="8.489"/>
  <system-out/>
</testsuite> <!-- com.tsng.Customer_management -->
