<?xml version="1.0" encoding="UTF-8"?>
<!-- Generated by org.testng.reporters.JUnitReportReporter -->
<testsuite hostname="KOKACHI" failures="0" tests="2" name="com.medcoTNG.Doctorwise" time="46.812" errors="0" timestamp="2022-12-16T21:45:08 IST" skipped="0">
  <testcase classname="com.medcoTNG.Doctorwise" name="loginHospital" time="13.416"/>
  <system-out/>
  <testcase classname="com.medcoTNG.Doctorwise" name="Appointment" time="33.396"/>
  <system-out/>
</testsuite> <!-- com.medcoTNG.Doctorwise -->
