<?xml version="1.0" encoding="UTF-8"?>
<!-- Generated by org.testng.reporters.JUnitReportReporter -->
<testsuite hostname="KOKACHI" failures="0" tests="2" name="com.medcoTNG.Appoinment" time="122.935" errors="0" timestamp="2022-12-17T19:09:56 IST" skipped="0">
  <testcase classname="com.medcoTNG.Appoinment" name="login" time="18.285"/>
  <system-out/>
  <testcase classname="com.medcoTNG.Appoinment" name="Add_Appointment" time="104.650"/>
  <system-out/>
</testsuite> <!-- com.medcoTNG.Appoinment -->
